# JRE version: Java(TM) SE Runtime Environment (17.0.10+11) (build 17.0.10+11-LTS-240)
# Java VM: Java HotSpot(TM) 64-Bit Server VM (17.0.10+11-LTS-240, mixed mode, sharing, tiered, compressed oops, compressed class ptrs, g1 gc, windows-amd64)
GC Precious Log:
 CPUs: 8 total, 8 available
 Memory: 16171M
 Large Page Support: Disabled
 NUMA Support: Disabled
 Compressed Oops: Enabled (32-bit)
 Heap Region Size: 1M
 Heap Min Capacity: 8M
 Heap Initial Capacity: 254M
 Heap Max Capacity: 2G
 Pre-touch: Disabled
 Parallel Workers: 8
 Concurrent Workers: 2
 Concurrent Refinement Workers: 8
 Periodic GC: Disabled
Heap:
 garbage-first heap   total 386048K, used 196158K [0x0000000080000000, 0x0000000100000000)
  region size 1024K, 1 young (1024K), 1 survivors (1024K)
 Metaspace       used 153245K, committed 154304K, reserved 622592K
  class space    used 20489K, committed 20992K, reserved 425984K
GC Heap History (20 events):
Event: 2980.401 GC heap after
{Heap after GC invocations=63 (full 0):
 garbage-first heap   total 316416K, used 213369K [0x0000000080000000, 0x0000000100000000)
  region size 1024K, 4 young (4096K), 4 survivors (4096K)
 Metaspace       used 136461K, committed 137536K, reserved 557056K
  class space    used 18241K, committed 18752K, reserved 425984K
}
Event: 2980.914 GC heap before
{Heap before GC invocations=63 (full 0):
 garbage-first heap   total 316416K, used 268665K [0x0000000080000000, 0x0000000100000000)
  region size 1024K, 59 young (60416K), 4 survivors (4096K)
 Metaspace       used 141011K, committed 142144K, reserved 557056K
  class space    used 18843K, committed 19392K, reserved 425984K
}
Event: 2980.918 GC heap after
{Heap after GC invocations=64 (full 0):
 garbage-first heap   total 316416K, used 215739K [0x0000000080000000, 0x0000000100000000)
  region size 1024K, 7 young (7168K), 7 survivors (7168K)
 Metaspace       used 141011K, committed 142144K, reserved 557056K
  class space    used 18843K, committed 19392K, reserved 425984K
}
Event: 2981.284 GC heap before
{Heap before GC invocations=64 (full 0):
 garbage-first heap   total 316416K, used 268987K [0x0000000080000000, 0x0000000100000000)
  region size 1024K, 60 young (61440K), 7 survivors (7168K)
 Metaspace       used 145994K, committed 147072K, reserved 557056K
  class space    used 19476K, committed 19968K, reserved 425984K
}
Event: 2981.292 GC heap after
{Heap after GC invocations=65 (full 0):
 garbage-first heap   total 316416K, used 220634K [0x0000000080000000, 0x0000000100000000)
  region size 1024K, 8 young (8192K), 8 survivors (8192K)
 Metaspace       used 145994K, committed 147072K, reserved 557056K
  class space    used 19476K, committed 19968K, reserved 425984K
}
Event: 2981.556 GC heap before
{Heap before GC invocations=65 (full 0):
 garbage-first heap   total 316416K, used 259546K [0x0000000080000000, 0x0000000100000000)
  region size 1024K, 48 young (49152K), 8 survivors (8192K)
 Metaspace       used 147116K, committed 148160K, reserved 557056K
  class space    used 19641K, committed 20160K, reserved 425984K
}
Event: 2981.566 GC heap after
{Heap after GC invocations=66 (full 0):
 garbage-first heap   total 316416K, used 227390K [0x0000000080000000, 0x0000000100000000)
  region size 1024K, 8 young (8192K), 8 survivors (8192K)
 Metaspace       used 147116K, committed 148160K, reserved 557056K
  class space    used 19641K, committed 20160K, reserved 425984K
}
Event: 2982.615 GC heap before
{Heap before GC invocations=67 (full 0):
 garbage-first heap   total 386048K, used 267326K [0x0000000080000000, 0x0000000100000000)
  region size 1024K, 50 young (51200K), 8 survivors (8192K)
 Metaspace       used 150571K, committed 151616K, reserved 557056K
  class space    used 20191K, committed 20672K, reserved 425984K
}
Event: 2982.623 GC heap after
{Heap after GC invocations=68 (full 0):
 garbage-first heap   total 386048K, used 226059K [0x0000000080000000, 0x0000000100000000)
  region size 1024K, 2 young (2048K), 2 survivors (2048K)
 Metaspace       used 150571K, committed 151616K, reserved 557056K
  class space    used 20191K, committed 20672K, reserved 425984K
}
Event: 2982.980 GC heap before
{Heap before GC invocations=68 (full 0):
 garbage-first heap   total 386048K, used 259851K [0x0000000080000000, 0x0000000100000000)
  region size 1024K, 18 young (18432K), 2 survivors (2048K)
 Metaspace       used 151553K, committed 152640K, reserved 622592K
  class space    used 20351K, committed 20864K, reserved 425984K
}
Event: 2982.993 GC heap after
{Heap after GC invocations=69 (full 0):
 garbage-first heap   total 386048K, used 203401K [0x0000000080000000, 0x0000000100000000)
  region size 1024K, 2 young (2048K), 2 survivors (2048K)
 Metaspace       used 151553K, committed 152640K, reserved 622592K
  class space    used 20351K, committed 20864K, reserved 425984K
}
Event: 2983.103 GC heap before
{Heap before GC invocations=69 (full 0):
 garbage-first heap   total 386048K, used 219785K [0x0000000080000000, 0x0000000100000000)
  region size 1024K, 18 young (18432K), 2 survivors (2048K)
 Metaspace       used 151632K, committed 152704K, reserved 622592K
  class space    used 20351K, committed 20864K, reserved 425984K
}
Event: 2983.119 GC heap after
{Heap after GC invocations=70 (full 0):
 garbage-first heap   total 386048K, used 197689K [0x0000000080000000, 0x0000000100000000)
  region size 1024K, 2 young (2048K), 2 survivors (2048K)
 Metaspace       used 151632K, committed 152704K, reserved 622592K
  class space    used 20351K, committed 20864K, reserved 425984K
}
Event: 2984.038 GC heap before
{Heap before GC invocations=70 (full 0):
 garbage-first heap   total 386048K, used 318521K [0x0000000080000000, 0x0000000100000000)
  region size 1024K, 120 young (122880K), 2 survivors (2048K)
 Metaspace       used 152860K, committed 153920K, reserved 622592K
  class space    used 20463K, committed 20992K, reserved 425984K
}
Event: 2984.046 GC heap after
{Heap after GC invocations=71 (full 0):
 garbage-first heap   total 386048K, used 198691K [0x0000000080000000, 0x0000000100000000)
  region size 1024K, 3 young (3072K), 3 survivors (3072K)
 Metaspace       used 152860K, committed 153920K, reserved 622592K
  class space    used 20463K, committed 20992K, reserved 425984K
}
Event: 2985.032 GC heap before
{Heap before GC invocations=72 (full 0):
 garbage-first heap   total 386048K, used 322595K [0x0000000080000000, 0x0000000100000000)
  region size 1024K, 124 young (126976K), 3 survivors (3072K)
 Metaspace       used 153098K, committed 154176K, reserved 622592K
  class space    used 20467K, committed 20992K, reserved 425984K
}
Event: 2985.042 GC heap after
{Heap after GC invocations=73 (full 0):
 garbage-first heap   total 386048K, used 198985K [0x0000000080000000, 0x0000000100000000)
  region size 1024K, 4 young (4096K), 4 survivors (4096K)
 Metaspace       used 153098K, committed 154176K, reserved 622592K
  class space    used 20467K, committed 20992K, reserved 425984K
}
Event: 2985.129 GC heap before
{Heap before GC invocations=73 (full 0):
 garbage-first heap   total 386048K, used 213321K [0x0000000080000000, 0x0000000100000000)
  region size 1024K, 18 young (18432K), 4 survivors (4096K)
 Metaspace       used 153110K, committed 154176K, reserved 622592K
  class space    used 20467K, committed 20992K, reserved 425984K
}
Event: 2985.137 GC heap after
{Heap after GC invocations=74 (full 0):
 garbage-first heap   total 386048K, used 196112K [0x0000000080000000, 0x0000000100000000)
  region size 1024K, 1 young (1024K), 1 survivors (1024K)
 Metaspace       used 153110K, committed 154176K, reserved 622592K
  class space    used 20467K, committed 20992K, reserved 425984K
}
Event: 2985.578 GC heap before
{Heap before GC invocations=74 (full 0):
 garbage-first heap   total 386048K, used 327184K [0x0000000080000000, 0x0000000100000000)
  region size 1024K, 129 young (132096K), 1 survivors (1024K)
 Metaspace       used 153245K, committed 154304K, reserved 622592K
  class space    used 20489K, committed 20992K, reserved 425984K
}

